Determining if the pthread_create exist failed with the following output:
Change Dir: /home/tysik/Projekty/boost_thread_tests/build-boost_thread_tests-Desktop-Default/CMakeFiles/CMakeTmp

Run Build Command:"/usr/bin/make" "cmTC_abe1c/fast"
/usr/bin/make -f CMakeFiles/cmTC_abe1c.dir/build.make CMakeFiles/cmTC_abe1c.dir/build
make[1]: Wejście do katalogu '/home/tysik/Projekty/boost_thread_tests/build-boost_thread_tests-Desktop-Default/CMakeFiles/CMakeTmp'
Building C object CMakeFiles/cmTC_abe1c.dir/CheckSymbolExists.c.o
/usr/bin/gcc     -o CMakeFiles/cmTC_abe1c.dir/CheckSymbolExists.c.o   -c /home/tysik/Projekty/boost_thread_tests/build-boost_thread_tests-Desktop-Default/CMakeFiles/CMakeTmp/CheckSymbolExists.c
Linking C executable cmTC_abe1c
/usr/bin/cmake -E cmake_link_script CMakeFiles/cmTC_abe1c.dir/link.txt --verbose=1
/usr/bin/gcc       CMakeFiles/cmTC_abe1c.dir/CheckSymbolExists.c.o  -o cmTC_abe1c -rdynamic 
CMakeFiles/cmTC_abe1c.dir/CheckSymbolExists.c.o: In function `main':
CheckSymbolExists.c:(.text+0x16): undefined reference to `pthread_create'
collect2: error: ld returned 1 exit status
CMakeFiles/cmTC_abe1c.dir/build.make:97: polecenia dla obiektu 'cmTC_abe1c' nie powiodły się
make[1]: *** [cmTC_abe1c] Błąd 1
make[1]: Opuszczenie katalogu '/home/tysik/Projekty/boost_thread_tests/build-boost_thread_tests-Desktop-Default/CMakeFiles/CMakeTmp'
Makefile:126: polecenia dla obiektu 'cmTC_abe1c/fast' nie powiodły się
make: *** [cmTC_abe1c/fast] Błąd 2

File /home/tysik/Projekty/boost_thread_tests/build-boost_thread_tests-Desktop-Default/CMakeFiles/CMakeTmp/CheckSymbolExists.c:
/* */
#include <pthread.h>

int main(int argc, char** argv)
{
  (void)argv;
#ifndef pthread_create
  return ((int*)(&pthread_create))[argc];
#else
  (void)argc;
  return 0;
#endif
}

Determining if the function pthread_create exists in the pthreads failed with the following output:
Change Dir: /home/tysik/Projekty/boost_thread_tests/build-boost_thread_tests-Desktop-Default/CMakeFiles/CMakeTmp

Run Build Command:"/usr/bin/make" "cmTC_12a19/fast"
/usr/bin/make -f CMakeFiles/cmTC_12a19.dir/build.make CMakeFiles/cmTC_12a19.dir/build
make[1]: Wejście do katalogu '/home/tysik/Projekty/boost_thread_tests/build-boost_thread_tests-Desktop-Default/CMakeFiles/CMakeTmp'
Building C object CMakeFiles/cmTC_12a19.dir/CheckFunctionExists.c.o
/usr/bin/gcc    -DCHECK_FUNCTION_EXISTS=pthread_create   -o CMakeFiles/cmTC_12a19.dir/CheckFunctionExists.c.o   -c /usr/share/cmake-3.5/Modules/CheckFunctionExists.c
Linking C executable cmTC_12a19
/usr/bin/cmake -E cmake_link_script CMakeFiles/cmTC_12a19.dir/link.txt --verbose=1
/usr/bin/gcc   -DCHECK_FUNCTION_EXISTS=pthread_create    CMakeFiles/cmTC_12a19.dir/CheckFunctionExists.c.o  -o cmTC_12a19 -rdynamic -lpthreads 
/usr/bin/ld: cannot find -lpthreads
collect2: error: ld returned 1 exit status
CMakeFiles/cmTC_12a19.dir/build.make:97: polecenia dla obiektu 'cmTC_12a19' nie powiodły się
make[1]: *** [cmTC_12a19] Błąd 1
make[1]: Opuszczenie katalogu '/home/tysik/Projekty/boost_thread_tests/build-boost_thread_tests-Desktop-Default/CMakeFiles/CMakeTmp'
Makefile:126: polecenia dla obiektu 'cmTC_12a19/fast' nie powiodły się
make: *** [cmTC_12a19/fast] Błąd 2


